<?xml version="1.0" encoding="UTF-8"?>
<!-- Generated by org.testng.reporters.JUnitReportReporter -->
<testsuite hostname="NOI-PG02ZDTF" failures="0" tests="1" name="Selenium.NeusAI.Login" time="25.851" errors="0" timestamp="2024-10-24T16:49:33 IST" skipped="0">
  <testcase classname="Selenium.NeusAI.Login" name="loginTest" time="25.851"/>
  <system-out>
    <![CDATA[TestCase is passed]]>
  </system-out>
</testsuite> <!-- Selenium.NeusAI.Login -->
