<?xml version="1.0" encoding="UTF-8"?>
<!-- Generated by org.testng.reporters.JUnitReportReporter -->
<testsuite hostname="NOI-PG02ZDTF" failures="0" tests="1" name="Selenium.NeusAI.Search_DownloadVideo" time="30.389" errors="0" timestamp="2024-10-24T17:43:03 IST" skipped="0">
  <testcase classname="Selenium.NeusAI.Search_DownloadVideo" name="testSearchDownload" time="30.389"/>
  <system-out>
    <![CDATA[TestCase is passed]]>
  </system-out>
</testsuite> <!-- Selenium.NeusAI.Search_DownloadVideo -->
